<?xml version="1.0" encoding="UTF-8" ?>
<testsuite tests="12" failures="0" name="org.foobarspam.MockitoEjemplo.CarreraTest" time="0.188" errors="0" skipped="0">
  <properties>
[...]
</properties>
  <testcase classname="org.foobarspam.MockitoEjemplo.CarreraTest" name="setTiempoEsperadoTest" time="0.016"/>
  <testcase classname="org.foobarspam.MockitoEjemplo.CarreraTest" name="setOrigenTest" time="0"/>
  <testcase classname="org.foobarspam.MockitoEjemplo.CarreraTest" name="setConductorTest" time="0"/>
  <testcase classname="org.foobarspam.MockitoEjemplo.CarreraTest" name="realizarPagoTest" time="0"/>
  <testcase classname="org.foobarspam.MockitoEjemplo.CarreraTest" name="setTiempoCarreraTest" time="0"/>
  <testcase classname="org.foobarspam.MockitoEjemplo.CarreraTest" name="mockito_setConductorTest" time="0.125"/>
  <testcase classname="org.foobarspam.MockitoEjemplo.CarreraTest" name="setDestinoTest" time="0"/>
  <testcase classname="org.foobarspam.MockitoEjemplo.CarreraTest" name="setDistanciaTest" time="0"/>
  <testcase classname="org.foobarspam.MockitoEjemplo.CarreraTest" name="asignarConductor" time="0"/>
  <testcase classname="org.foobarspam.MockitoEjemplo.CarreraTest" name="setValoracion" time="0"/>
  <testcase classname="org.foobarspam.MockitoEjemplo.CarreraTest" name="getCosteEsperadoTest" time="0"/>
  <testcase classname="org.foobarspam.MockitoEjemplo.CarreraTest" name="liberarConductor" time="0"/>
</testsuite>